<?xml version="1.0" encoding="UTF-8"?>
<!-- Generated by org.testng.reporters.JUnitXMLReporter -->
<testsuite hostname="ASDP1734PO02529" tests="6" failures="0" timestamp="19 Jul 2017 05:02:08 GMT" time="6.204" errors="0">
  <testcase name="Create_A_New_Board" time="0.263" classname="TestVersion3"/>
  <testcase name="Get_List_Of_Boards" time="2.168" classname="TestVersion3"/>
  <testcase name="Join_new_player" time="0.345" classname="TestVersion3"/>
  <testcase name="Move_Player" time="0.277" classname="TestVersion3"/>
  <testcase name="Check_Player_With_Id_And_Put_Delete" time="0.35" classname="TestVersion3"/>
  <testcase name="Delete_Board" time="0.44" classname="TestVersion3"/>
</testsuite>
