<?xml version="1.0" encoding="UTF-8"?>
<!-- Generated by org.testng.reporters.JUnitXMLReporter -->
<testsuite hostname="ASDP1734PO02529" tests="6" failures="0" timestamp="14 Jul 2017 07:44:36 GMT" time="8.876" errors="0">
  <testcase name="Create_A_New_Board" time="6.027" classname="Test_Version1"/>
  <testcase name="Get_List_Of_Boards" time="0.379" classname="Test_Version1"/>
  <testcase name="Join_new_player" time="0.772" classname="Test_Version1"/>
  <testcase name="Move_Player" time="0.316" classname="Test_Version1"/>
  <testcase name="Check_Player_With_Id_And_Put_Delete" time="0.423" classname="Test_Version1"/>
  <testcase name="Delete_Board" time="0.55" classname="Test_Version1"/>
</testsuite>
